Determining if the pthread_create exist failed with the following output:
Change Dir: /home/landrasu/Documents/GitHub/MSc-SLAM-PC/catkin_ws/build/hector_slam_launch/CMakeFiles/CMakeTmp

Run Build Command:"/usr/bin/make" "cmTC_beaae/fast"
/usr/bin/make -f CMakeFiles/cmTC_beaae.dir/build.make CMakeFiles/cmTC_beaae.dir/build
make[1]: Entering directory '/home/landrasu/Documents/GitHub/MSc-SLAM-PC/catkin_ws/build/hector_slam_launch/CMakeFiles/CMakeTmp'
Building C object CMakeFiles/cmTC_beaae.dir/CheckSymbolExists.c.o
/usr/bin/cc     -o CMakeFiles/cmTC_beaae.dir/CheckSymbolExists.c.o   -c /home/landrasu/Documents/GitHub/MSc-SLAM-PC/catkin_ws/build/hector_slam_launch/CMakeFiles/CMakeTmp/CheckSymbolExists.c
Linking C executable cmTC_beaae
/usr/bin/cmake -E cmake_link_script CMakeFiles/cmTC_beaae.dir/link.txt --verbose=1
/usr/bin/cc       CMakeFiles/cmTC_beaae.dir/CheckSymbolExists.c.o  -o cmTC_beaae -rdynamic 
CMakeFiles/cmTC_beaae.dir/CheckSymbolExists.c.o: In function `main':
CheckSymbolExists.c:(.text+0x16): undefined reference to `pthread_create'
collect2: error: ld returned 1 exit status
CMakeFiles/cmTC_beaae.dir/build.make:97: recipe for target 'cmTC_beaae' failed
make[1]: *** [cmTC_beaae] Error 1
make[1]: Leaving directory '/home/landrasu/Documents/GitHub/MSc-SLAM-PC/catkin_ws/build/hector_slam_launch/CMakeFiles/CMakeTmp'
Makefile:126: recipe for target 'cmTC_beaae/fast' failed
make: *** [cmTC_beaae/fast] Error 2

File /home/landrasu/Documents/GitHub/MSc-SLAM-PC/catkin_ws/build/hector_slam_launch/CMakeFiles/CMakeTmp/CheckSymbolExists.c:
/* */
#include <pthread.h>

int main(int argc, char** argv)
{
  (void)argv;
#ifndef pthread_create
  return ((int*)(&pthread_create))[argc];
#else
  (void)argc;
  return 0;
#endif
}

Determining if the function pthread_create exists in the pthreads failed with the following output:
Change Dir: /home/landrasu/Documents/GitHub/MSc-SLAM-PC/catkin_ws/build/hector_slam_launch/CMakeFiles/CMakeTmp

Run Build Command:"/usr/bin/make" "cmTC_d1e09/fast"
/usr/bin/make -f CMakeFiles/cmTC_d1e09.dir/build.make CMakeFiles/cmTC_d1e09.dir/build
make[1]: Entering directory '/home/landrasu/Documents/GitHub/MSc-SLAM-PC/catkin_ws/build/hector_slam_launch/CMakeFiles/CMakeTmp'
Building C object CMakeFiles/cmTC_d1e09.dir/CheckFunctionExists.c.o
/usr/bin/cc    -DCHECK_FUNCTION_EXISTS=pthread_create   -o CMakeFiles/cmTC_d1e09.dir/CheckFunctionExists.c.o   -c /usr/share/cmake-3.5/Modules/CheckFunctionExists.c
Linking C executable cmTC_d1e09
/usr/bin/cmake -E cmake_link_script CMakeFiles/cmTC_d1e09.dir/link.txt --verbose=1
/usr/bin/cc   -DCHECK_FUNCTION_EXISTS=pthread_create    CMakeFiles/cmTC_d1e09.dir/CheckFunctionExists.c.o  -o cmTC_d1e09 -rdynamic -lpthreads 
/usr/bin/ld: cannot find -lpthreads
collect2: error: ld returned 1 exit status
CMakeFiles/cmTC_d1e09.dir/build.make:97: recipe for target 'cmTC_d1e09' failed
make[1]: *** [cmTC_d1e09] Error 1
make[1]: Leaving directory '/home/landrasu/Documents/GitHub/MSc-SLAM-PC/catkin_ws/build/hector_slam_launch/CMakeFiles/CMakeTmp'
Makefile:126: recipe for target 'cmTC_d1e09/fast' failed
make: *** [cmTC_d1e09/fast] Error 2


