Determining if the pthread_create exist failed with the following output:
Change Dir: /home/landrasu/Documents/GitHub/MSc-SLAM-PC/catkin_ws/build/slam_rviz/CMakeFiles/CMakeTmp

Run Build Command:"/usr/bin/make" "cmTC_13a45/fast"
/usr/bin/make -f CMakeFiles/cmTC_13a45.dir/build.make CMakeFiles/cmTC_13a45.dir/build
make[1]: Entering directory '/home/landrasu/Documents/GitHub/MSc-SLAM-PC/catkin_ws/build/slam_rviz/CMakeFiles/CMakeTmp'
Building C object CMakeFiles/cmTC_13a45.dir/CheckSymbolExists.c.o
/usr/bin/cc     -o CMakeFiles/cmTC_13a45.dir/CheckSymbolExists.c.o   -c /home/landrasu/Documents/GitHub/MSc-SLAM-PC/catkin_ws/build/slam_rviz/CMakeFiles/CMakeTmp/CheckSymbolExists.c
Linking C executable cmTC_13a45
/usr/bin/cmake -E cmake_link_script CMakeFiles/cmTC_13a45.dir/link.txt --verbose=1
/usr/bin/cc       CMakeFiles/cmTC_13a45.dir/CheckSymbolExists.c.o  -o cmTC_13a45 -rdynamic 
CMakeFiles/cmTC_13a45.dir/CheckSymbolExists.c.o: In function `main':
CheckSymbolExists.c:(.text+0x16): undefined reference to `pthread_create'
collect2: error: ld returned 1 exit status
CMakeFiles/cmTC_13a45.dir/build.make:97: recipe for target 'cmTC_13a45' failed
make[1]: *** [cmTC_13a45] Error 1
make[1]: Leaving directory '/home/landrasu/Documents/GitHub/MSc-SLAM-PC/catkin_ws/build/slam_rviz/CMakeFiles/CMakeTmp'
Makefile:126: recipe for target 'cmTC_13a45/fast' failed
make: *** [cmTC_13a45/fast] Error 2

File /home/landrasu/Documents/GitHub/MSc-SLAM-PC/catkin_ws/build/slam_rviz/CMakeFiles/CMakeTmp/CheckSymbolExists.c:
/* */
#include <pthread.h>

int main(int argc, char** argv)
{
  (void)argv;
#ifndef pthread_create
  return ((int*)(&pthread_create))[argc];
#else
  (void)argc;
  return 0;
#endif
}

Determining if the function pthread_create exists in the pthreads failed with the following output:
Change Dir: /home/landrasu/Documents/GitHub/MSc-SLAM-PC/catkin_ws/build/slam_rviz/CMakeFiles/CMakeTmp

Run Build Command:"/usr/bin/make" "cmTC_b360a/fast"
/usr/bin/make -f CMakeFiles/cmTC_b360a.dir/build.make CMakeFiles/cmTC_b360a.dir/build
make[1]: Entering directory '/home/landrasu/Documents/GitHub/MSc-SLAM-PC/catkin_ws/build/slam_rviz/CMakeFiles/CMakeTmp'
Building C object CMakeFiles/cmTC_b360a.dir/CheckFunctionExists.c.o
/usr/bin/cc    -DCHECK_FUNCTION_EXISTS=pthread_create   -o CMakeFiles/cmTC_b360a.dir/CheckFunctionExists.c.o   -c /usr/share/cmake-3.5/Modules/CheckFunctionExists.c
Linking C executable cmTC_b360a
/usr/bin/cmake -E cmake_link_script CMakeFiles/cmTC_b360a.dir/link.txt --verbose=1
/usr/bin/cc   -DCHECK_FUNCTION_EXISTS=pthread_create    CMakeFiles/cmTC_b360a.dir/CheckFunctionExists.c.o  -o cmTC_b360a -rdynamic -lpthreads 
/usr/bin/ld: cannot find -lpthreads
collect2: error: ld returned 1 exit status
CMakeFiles/cmTC_b360a.dir/build.make:97: recipe for target 'cmTC_b360a' failed
make[1]: *** [cmTC_b360a] Error 1
make[1]: Leaving directory '/home/landrasu/Documents/GitHub/MSc-SLAM-PC/catkin_ws/build/slam_rviz/CMakeFiles/CMakeTmp'
Makefile:126: recipe for target 'cmTC_b360a/fast' failed
make: *** [cmTC_b360a/fast] Error 2


