Determining if the pthread_create exist failed with the following output:
Change Dir: /home/landrasu/Documents/GitHub/MSc-SLAM-PC/catkin_ws/build/teleop_twist_keyboard/CMakeFiles/CMakeTmp

Run Build Command:"/usr/bin/make" "cmTC_6023e/fast"
/usr/bin/make -f CMakeFiles/cmTC_6023e.dir/build.make CMakeFiles/cmTC_6023e.dir/build
make[1]: Entering directory '/home/landrasu/Documents/GitHub/MSc-SLAM-PC/catkin_ws/build/teleop_twist_keyboard/CMakeFiles/CMakeTmp'
Building C object CMakeFiles/cmTC_6023e.dir/CheckSymbolExists.c.o
/usr/bin/cc     -o CMakeFiles/cmTC_6023e.dir/CheckSymbolExists.c.o   -c /home/landrasu/Documents/GitHub/MSc-SLAM-PC/catkin_ws/build/teleop_twist_keyboard/CMakeFiles/CMakeTmp/CheckSymbolExists.c
Linking C executable cmTC_6023e
/usr/bin/cmake -E cmake_link_script CMakeFiles/cmTC_6023e.dir/link.txt --verbose=1
/usr/bin/cc       CMakeFiles/cmTC_6023e.dir/CheckSymbolExists.c.o  -o cmTC_6023e -rdynamic 
CMakeFiles/cmTC_6023e.dir/CheckSymbolExists.c.o: In function `main':
CheckSymbolExists.c:(.text+0x16): undefined reference to `pthread_create'
collect2: error: ld returned 1 exit status
CMakeFiles/cmTC_6023e.dir/build.make:97: recipe for target 'cmTC_6023e' failed
make[1]: *** [cmTC_6023e] Error 1
make[1]: Leaving directory '/home/landrasu/Documents/GitHub/MSc-SLAM-PC/catkin_ws/build/teleop_twist_keyboard/CMakeFiles/CMakeTmp'
Makefile:126: recipe for target 'cmTC_6023e/fast' failed
make: *** [cmTC_6023e/fast] Error 2

File /home/landrasu/Documents/GitHub/MSc-SLAM-PC/catkin_ws/build/teleop_twist_keyboard/CMakeFiles/CMakeTmp/CheckSymbolExists.c:
/* */
#include <pthread.h>

int main(int argc, char** argv)
{
  (void)argv;
#ifndef pthread_create
  return ((int*)(&pthread_create))[argc];
#else
  (void)argc;
  return 0;
#endif
}

Determining if the function pthread_create exists in the pthreads failed with the following output:
Change Dir: /home/landrasu/Documents/GitHub/MSc-SLAM-PC/catkin_ws/build/teleop_twist_keyboard/CMakeFiles/CMakeTmp

Run Build Command:"/usr/bin/make" "cmTC_51988/fast"
/usr/bin/make -f CMakeFiles/cmTC_51988.dir/build.make CMakeFiles/cmTC_51988.dir/build
make[1]: Entering directory '/home/landrasu/Documents/GitHub/MSc-SLAM-PC/catkin_ws/build/teleop_twist_keyboard/CMakeFiles/CMakeTmp'
Building C object CMakeFiles/cmTC_51988.dir/CheckFunctionExists.c.o
/usr/bin/cc    -DCHECK_FUNCTION_EXISTS=pthread_create   -o CMakeFiles/cmTC_51988.dir/CheckFunctionExists.c.o   -c /usr/share/cmake-3.5/Modules/CheckFunctionExists.c
Linking C executable cmTC_51988
/usr/bin/cmake -E cmake_link_script CMakeFiles/cmTC_51988.dir/link.txt --verbose=1
/usr/bin/cc   -DCHECK_FUNCTION_EXISTS=pthread_create    CMakeFiles/cmTC_51988.dir/CheckFunctionExists.c.o  -o cmTC_51988 -rdynamic -lpthreads 
/usr/bin/ld: cannot find -lpthreads
collect2: error: ld returned 1 exit status
CMakeFiles/cmTC_51988.dir/build.make:97: recipe for target 'cmTC_51988' failed
make[1]: *** [cmTC_51988] Error 1
make[1]: Leaving directory '/home/landrasu/Documents/GitHub/MSc-SLAM-PC/catkin_ws/build/teleop_twist_keyboard/CMakeFiles/CMakeTmp'
Makefile:126: recipe for target 'cmTC_51988/fast' failed
make: *** [cmTC_51988/fast] Error 2


