Determining if the pthread_create exist failed with the following output:
Change Dir: /home/landrasu/Documents/GitHub/MSc-SLAM-PC/catkin_ws/build/hector_imu_attitude_to_tf/CMakeFiles/CMakeTmp

Run Build Command:"/usr/bin/make" "cmTC_d7871/fast"
/usr/bin/make -f CMakeFiles/cmTC_d7871.dir/build.make CMakeFiles/cmTC_d7871.dir/build
make[1]: Entering directory '/home/landrasu/Documents/GitHub/MSc-SLAM-PC/catkin_ws/build/hector_imu_attitude_to_tf/CMakeFiles/CMakeTmp'
Building C object CMakeFiles/cmTC_d7871.dir/CheckSymbolExists.c.o
/usr/bin/cc     -o CMakeFiles/cmTC_d7871.dir/CheckSymbolExists.c.o   -c /home/landrasu/Documents/GitHub/MSc-SLAM-PC/catkin_ws/build/hector_imu_attitude_to_tf/CMakeFiles/CMakeTmp/CheckSymbolExists.c
Linking C executable cmTC_d7871
/usr/bin/cmake -E cmake_link_script CMakeFiles/cmTC_d7871.dir/link.txt --verbose=1
/usr/bin/cc       CMakeFiles/cmTC_d7871.dir/CheckSymbolExists.c.o  -o cmTC_d7871 -rdynamic 
CMakeFiles/cmTC_d7871.dir/CheckSymbolExists.c.o: In function `main':
CheckSymbolExists.c:(.text+0x16): undefined reference to `pthread_create'
collect2: error: ld returned 1 exit status
CMakeFiles/cmTC_d7871.dir/build.make:97: recipe for target 'cmTC_d7871' failed
make[1]: *** [cmTC_d7871] Error 1
make[1]: Leaving directory '/home/landrasu/Documents/GitHub/MSc-SLAM-PC/catkin_ws/build/hector_imu_attitude_to_tf/CMakeFiles/CMakeTmp'
Makefile:126: recipe for target 'cmTC_d7871/fast' failed
make: *** [cmTC_d7871/fast] Error 2

File /home/landrasu/Documents/GitHub/MSc-SLAM-PC/catkin_ws/build/hector_imu_attitude_to_tf/CMakeFiles/CMakeTmp/CheckSymbolExists.c:
/* */
#include <pthread.h>

int main(int argc, char** argv)
{
  (void)argv;
#ifndef pthread_create
  return ((int*)(&pthread_create))[argc];
#else
  (void)argc;
  return 0;
#endif
}

Determining if the function pthread_create exists in the pthreads failed with the following output:
Change Dir: /home/landrasu/Documents/GitHub/MSc-SLAM-PC/catkin_ws/build/hector_imu_attitude_to_tf/CMakeFiles/CMakeTmp

Run Build Command:"/usr/bin/make" "cmTC_4d927/fast"
/usr/bin/make -f CMakeFiles/cmTC_4d927.dir/build.make CMakeFiles/cmTC_4d927.dir/build
make[1]: Entering directory '/home/landrasu/Documents/GitHub/MSc-SLAM-PC/catkin_ws/build/hector_imu_attitude_to_tf/CMakeFiles/CMakeTmp'
Building C object CMakeFiles/cmTC_4d927.dir/CheckFunctionExists.c.o
/usr/bin/cc    -DCHECK_FUNCTION_EXISTS=pthread_create   -o CMakeFiles/cmTC_4d927.dir/CheckFunctionExists.c.o   -c /usr/share/cmake-3.5/Modules/CheckFunctionExists.c
Linking C executable cmTC_4d927
/usr/bin/cmake -E cmake_link_script CMakeFiles/cmTC_4d927.dir/link.txt --verbose=1
/usr/bin/cc   -DCHECK_FUNCTION_EXISTS=pthread_create    CMakeFiles/cmTC_4d927.dir/CheckFunctionExists.c.o  -o cmTC_4d927 -rdynamic -lpthreads 
/usr/bin/ld: cannot find -lpthreads
collect2: error: ld returned 1 exit status
CMakeFiles/cmTC_4d927.dir/build.make:97: recipe for target 'cmTC_4d927' failed
make[1]: *** [cmTC_4d927] Error 1
make[1]: Leaving directory '/home/landrasu/Documents/GitHub/MSc-SLAM-PC/catkin_ws/build/hector_imu_attitude_to_tf/CMakeFiles/CMakeTmp'
Makefile:126: recipe for target 'cmTC_4d927/fast' failed
make: *** [cmTC_4d927/fast] Error 2


